<?xml version="1.0" encoding="UTF-8"?>
<!-- Generated by org.testng.reporters.JUnitReportReporter -->
<testsuite hostname="asus" name="com.lemon17.cases.LoginCase" tests="6" failures="0" timestamp="28 May 2020 15:29:28 GMT" time="2.306" errors="0">
  <testcase name="test" time="1.780" classname="com.lemon17.cases.LoginCase"/>
  <testcase name="test" time="0.108" classname="com.lemon17.cases.LoginCase"/>
  <testcase name="test" time="0.104" classname="com.lemon17.cases.LoginCase"/>
  <testcase name="test" time="0.108" classname="com.lemon17.cases.LoginCase"/>
  <testcase name="test" time="0.104" classname="com.lemon17.cases.LoginCase"/>
  <testcase name="test" time="0.102" classname="com.lemon17.cases.LoginCase"/>
</testsuite> <!-- com.lemon17.cases.LoginCase -->
